[debug] [2021-08-08T11:20:56.206Z] ----------------------------------------------------------------------
[debug] [2021-08-08T11:20:56.211Z] Command:       /usr/bin/node /usr/local/bin/firebase init
[debug] [2021-08-08T11:20:56.212Z] CLI Version:   9.16.0
[debug] [2021-08-08T11:20:56.213Z] Platform:      linux
[debug] [2021-08-08T11:20:56.213Z] Node Version:  v10.19.0
[debug] [2021-08-08T11:20:56.215Z] Time:          Sun Aug 08 2021 16:20:56 GMT+0500 (Pakistan Standard Time)
[debug] [2021-08-08T11:20:56.215Z] ----------------------------------------------------------------------
[debug] 
[debug] [2021-08-08T11:20:56.222Z] >>> [apiv2][query] GET https://firebase-public.firebaseio.com/cli.json [none]
[debug] [2021-08-08T11:20:56.275Z] > command requires scopes: ["email","openid","https://www.googleapis.com/auth/cloudplatformprojects.readonly","https://www.googleapis.com/auth/firebase","https://www.googleapis.com/auth/cloud-platform"]
[debug] [2021-08-08T11:20:56.276Z] > authorizing via signed-in user (ahsen1330@gmail.com)
[info] 
     ######## #### ########  ######## ########     ###     ######  ########
     ##        ##  ##     ## ##       ##     ##  ##   ##  ##       ##
     ######    ##  ########  ######   ########  #########  ######  ######
     ##        ##  ##    ##  ##       ##     ## ##     ##       ## ##
     ##       #### ##     ## ######## ########  ##     ##  ######  ########

You're about to initialize a Firebase project in this directory:

  /home/ahsen/Desktop/GitHub/Web/React/slack

[debug] [2021-08-08T11:20:57.789Z] <<< [apiv2][status] GET https://firebase-public.firebaseio.com/cli.json 200
[debug] [2021-08-08T11:20:57.790Z] <<< [apiv2][body] GET https://firebase-public.firebaseio.com/cli.json {"cloudBuildErrorAfter":1594252800000,"cloudBuildWarnAfter":1590019200000,"defaultNode10After":1594252800000,"minVersion":"3.0.5","node8DeploysDisabledAfter":1613390400000,"node8RuntimeDisabledAfter":1615809600000,"node8WarnAfter":1600128000000}
